C:\Users\Mian Waqar Ali\Desktop\SignalRChat\wwwroot\ts\chat.js
C:\Users\Mian Waqar Ali\Desktop\SignalRChat\wwwroot\lib\@aspnet\signalr\src\AbortController.js
C:\Users\Mian Waqar Ali\Desktop\SignalRChat\wwwroot\lib\@aspnet\signalr\src\Errors.js
C:\Users\Mian Waqar Ali\Desktop\SignalRChat\wwwroot\lib\@aspnet\signalr\src\ILogger.js
C:\Users\Mian Waqar Ali\Desktop\SignalRChat\wwwroot\lib\@aspnet\signalr\src\HttpClient.js
C:\Users\Mian Waqar Ali\Desktop\SignalRChat\wwwroot\lib\@aspnet\signalr\src\ITransport.js
C:\Users\Mian Waqar Ali\Desktop\SignalRChat\wwwroot\lib\@aspnet\signalr\src\IHttpConnectionOptions.js
C:\Users\Mian Waqar Ali\Desktop\SignalRChat\wwwroot\lib\@aspnet\signalr\src\TextMessageFormat.js
C:\Users\Mian Waqar Ali\Desktop\SignalRChat\wwwroot\lib\@aspnet\signalr\src\HandshakeProtocol.js
C:\Users\Mian Waqar Ali\Desktop\SignalRChat\wwwroot\lib\@aspnet\signalr\src\IConnection.js
C:\Users\Mian Waqar Ali\Desktop\SignalRChat\wwwroot\lib\@aspnet\signalr\src\IHubProtocol.js
C:\Users\Mian Waqar Ali\Desktop\SignalRChat\wwwroot\lib\@aspnet\signalr\src\Stream.js
C:\Users\Mian Waqar Ali\Desktop\SignalRChat\wwwroot\lib\@aspnet\signalr\src\Loggers.js
C:\Users\Mian Waqar Ali\Desktop\SignalRChat\wwwroot\lib\@aspnet\signalr\src\Utils.js
C:\Users\Mian Waqar Ali\Desktop\SignalRChat\wwwroot\lib\@aspnet\signalr\src\HubConnection.js
C:\Users\Mian Waqar Ali\Desktop\SignalRChat\wwwroot\lib\@aspnet\signalr\src\LongPollingTransport.js
C:\Users\Mian Waqar Ali\Desktop\SignalRChat\wwwroot\lib\@aspnet\signalr\src\ServerSentEventsTransport.js
C:\Users\Mian Waqar Ali\Desktop\SignalRChat\wwwroot\lib\@aspnet\signalr\src\WebSocketTransport.js
C:\Users\Mian Waqar Ali\Desktop\SignalRChat\wwwroot\lib\@aspnet\signalr\src\HttpConnection.js
C:\Users\Mian Waqar Ali\Desktop\SignalRChat\wwwroot\lib\@aspnet\signalr\src\JsonHubProtocol.js
C:\Users\Mian Waqar Ali\Desktop\SignalRChat\wwwroot\lib\@aspnet\signalr\src\HubConnectionBuilder.js
C:\Users\Mian Waqar Ali\Desktop\SignalRChat\wwwroot\lib\@aspnet\signalr\src\index.js
C:\Users\Mian Waqar Ali\Desktop\SignalRChat\wwwroot\lib\@aspnet\signalr\src\browser-index.js
